<?xml version="1.0" encoding="UTF-8"?>
<!-- Generated by org.testng.reporters.JUnitXMLReporter -->
<testsuite ignored="4" hostname="DESKTOP-G4F1SD9" failures="0" tests="2" name="Test1" time="1.43" errors="0" timestamp="2025-08-19T14:37:58 IST">
  <testcase classname="GenricUtility.BaseClass" name="@BeforeClass openbrowser" time="-1.755594476897E9">
    <failure type="org.testng.TestNGException" message="
Parameter &amp;apos;BROWSER&amp;apos; is required by BeforeClass on method openbrowser but has not been marked @Optional or defined
in C:\Users\Admin\eclipse-workspace\practise_task\testngParallenew.xml">
      <![CDATA[org.testng.TestNGException: 
Parameter 'BROWSER' is required by BeforeClass on method openbrowser but has not been marked @Optional or defined
in C:\Users\Admin\eclipse-workspace\practise_task\testngParallenew.xml
at java.base/java.util.ArrayList.forEach(ArrayList.java:1597)
at java.base/java.util.concurrent.FutureTask.run(FutureTask.java:317)
at java.base/java.util.concurrent.ThreadPoolExecutor.runWorker(ThreadPoolExecutor.java:1144)
at java.base/java.util.concurrent.ThreadPoolExecutor$Worker.run(ThreadPoolExecutor.java:642)
at java.base/java.lang.Thread.run(Thread.java:1575)
... Removed 12 stack frames]]>
    </failure>
  </testcase> <!-- @BeforeClass openbrowser -->
  <testcase classname="GenricUtility.BaseClass" name="@BeforeMethod login" time="0.0">
    <skipped/>
  </testcase> <!-- @BeforeMethod login -->
  <testcase classname="GenricUtility.BaseClass" name="@AfterMethod logout" time="0.0">
    <skipped/>
  </testcase> <!-- @AfterMethod logout -->
  <testcase classname="GenricUtility.BaseClass" name="@AfterClass closebrowser" time="0.0">
    <skipped/>
  </testcase> <!-- @AfterClass closebrowser -->
  <testcase classname="GenricUtility.BaseClass" name="@BeforeClass openbrowser" time="-1.755594478113E9">
    <failure type="org.testng.TestNGException" message="
Parameter &amp;apos;BROWSER&amp;apos; is required by BeforeClass on method openbrowser but has not been marked @Optional or defined
in C:\Users\Admin\eclipse-workspace\practise_task\testngParallenew.xml">
      <![CDATA[org.testng.TestNGException: 
Parameter 'BROWSER' is required by BeforeClass on method openbrowser but has not been marked @Optional or defined
in C:\Users\Admin\eclipse-workspace\practise_task\testngParallenew.xml
at java.base/java.util.ArrayList.forEach(ArrayList.java:1597)
at java.base/java.util.concurrent.FutureTask.run(FutureTask.java:317)
at java.base/java.util.concurrent.ThreadPoolExecutor.runWorker(ThreadPoolExecutor.java:1144)
at java.base/java.util.concurrent.ThreadPoolExecutor$Worker.run(ThreadPoolExecutor.java:642)
at java.base/java.lang.Thread.run(Thread.java:1575)
... Removed 12 stack frames]]>
    </failure>
  </testcase> <!-- @BeforeClass openbrowser -->
  <testcase classname="GenricUtility.BaseClass" name="@BeforeMethod login" time="0.0">
    <skipped/>
  </testcase> <!-- @BeforeMethod login -->
  <testcase classname="GenricUtility.BaseClass" name="@AfterMethod logout" time="0.0">
    <skipped/>
  </testcase> <!-- @AfterMethod logout -->
  <testcase classname="GenricUtility.BaseClass" name="@AfterClass closebrowser" time="0.0">
    <skipped/>
  </testcase> <!-- @AfterClass closebrowser -->
  <testcase classname="usingPOM.contactbase" name="contactlastname" time="0.0">
    <skipped/>
  </testcase> <!-- contactlastname -->
  <testcase classname="TestNG_practise.Baseclassuses" name="openorg" time="0.0">
    <skipped/>
  </testcase> <!-- openorg -->
  <testcase classname="GenricUtility.BaseClass" name="@AfterSuite Dbclode" time="0.0">
    <ignored/>
  </testcase> <!-- @AfterSuite Dbclode -->
  <testcase classname="GenricUtility.BaseClass" name="@BeforeTest object" time="0.0">
    <ignored/>
  </testcase> <!-- @BeforeTest object -->
  <testcase classname="GenricUtility.BaseClass" name="@BeforeSuite DBconn" time="0.0">
    <ignored/>
  </testcase> <!-- @BeforeSuite DBconn -->
  <testcase classname="GenricUtility.BaseClass" name="@AfterTest objectClose" time="0.0">
    <ignored/>
  </testcase> <!-- @AfterTest objectClose -->
</testsuite> <!-- Test1 -->
