<?xml version="1.0" encoding="UTF-8"?>
<!-- Generated by org.testng.reporters.JUnitXMLReporter -->
<testsuite ignored="4" hostname="DESKTOP-G4F1SD9" failures="1" tests="2" name="Test" time="116.869" errors="0" timestamp="2025-08-19T15:56:32 IST">
  <testcase classname="ExtentReport.demotest" name="contactlastnametest" time="39.389">
    <failure type="java.lang.AssertionError" message="Lastname is not match expected [true] but found [false]">
      <![CDATA[java.lang.AssertionError: Lastname is not match expected [true] but found [false]
at ExtentReport.demotest.contactlastnametest(demotest.java:42)
at java.base/java.util.ArrayList.forEach(ArrayList.java:1597)
... Removed 31 stack frames]]>
    </failure>
  </testcase> <!-- contactlastnametest -->
  <testcase classname="ExtentReport.contactbasetest" name="contactlastnametest" time="47.977"/>
  <testcase classname="GenricUtility.BaseClass" name="@BeforeSuite DBconn" time="0.0">
    <ignored/>
  </testcase> <!-- @BeforeSuite DBconn -->
  <testcase classname="GenricUtility.BaseClass" name="@AfterSuite Dbclode" time="0.0">
    <ignored/>
  </testcase> <!-- @AfterSuite Dbclode -->
  <testcase classname="GenricUtility.BaseClass" name="@BeforeTest object" time="0.0">
    <ignored/>
  </testcase> <!-- @BeforeTest object -->
  <testcase classname="GenricUtility.BaseClass" name="@AfterTest objectClose" time="0.0">
    <ignored/>
  </testcase> <!-- @AfterTest objectClose -->
</testsuite> <!-- Test -->
